<?xml version="1.0" encoding="UTF-8"?>
<!-- Generated by org.testng.reporters.JUnitXMLReporter -->
<testsuite hostname="LAPTOP-S2JMQQDQ" ignored="0" name="Test" tests="1" failures="0" timestamp="05 Aug 2019 18:39:38 GMT" time="4.116" errors="0">
  <testcase name="@AfterClass writeExtentReport" time="0.001" classname="runner.TestRunner">
    <failure type="java.lang.NoSuchMethodError" message="com.aventstack.extentreports.reporter.ExtentHtmlReporter.loadXMLConfig(Ljava/io/File;)V">
      <![CDATA[java.lang.NoSuchMethodError: com.aventstack.extentreports.reporter.ExtentHtmlReporter.loadXMLConfig(Ljava/io/File;)V
at com.cucumber.listener.Reporter.loadXMLConfig(Reporter.java:56)
at runner.TestRunner.writeExtentReport(TestRunner.java:22)
... Removed 26 stack frames]]>
    </failure>
  </testcase> <!-- @AfterClass writeExtentReport -->
  <testcase name="feature" time="3.315" classname="cucumber.api.testng.AbstractTestNGCucumberTests"/>
</testsuite> <!-- Test -->
