<?xml version="1.0" encoding="UTF-8"?>
<!-- Generated by org.testng.reporters.JUnitXMLReporter -->
<testsuite hostname="LAPTOP-S2JMQQDQ" ignored="0" name="Test" tests="1" failures="0" timestamp="06 Aug 2019 03:56:41 GMT" time="4.441" errors="0">
  <testcase name="@AfterClass writeExtentReport" time="0.001" classname="runner.TestRunner">
    <failure type="java.lang.NoSuchMethodError" message="com.aventstack.extentreports.reporter.ExtentHtmlReporter.loadXMLConfig(Ljava/io/File;)V">
      <![CDATA[java.lang.NoSuchMethodError: com.aventstack.extentreports.reporter.ExtentHtmlReporter.loadXMLConfig(Ljava/io/File;)V
at com.cucumber.listener.Reporter.loadXMLConfig(Reporter.java:56)
at runner.TestRunner.writeExtentReport(TestRunner.java:21)
... Removed 30 stack frames]]>
    </failure>
  </testcase> <!-- @AfterClass writeExtentReport -->
  <testcase name="feature" time="3.262" classname="cucumber.api.testng.AbstractTestNGCucumberTests"/>
</testsuite> <!-- Test -->
