<?xml version="1.0" encoding="UTF-8"?>
<!-- Generated by org.testng.reporters.JUnitXMLReporter -->
<testsuite hostname="LAPTOP-S2JMQQDQ" ignored="0" name="Test" tests="5" failures="0" timestamp="06 Aug 2019 21:46:01 GMT" time="47.649" errors="0">
  <testcase name="feature" time="6.953" classname="cucumber.api.testng.AbstractTestNGCucumberTests"/>
  <testcase name="feature" time="2.98" classname="cucumber.api.testng.AbstractTestNGCucumberTests"/>
  <testcase name="feature" time="4.078" classname="cucumber.api.testng.AbstractTestNGCucumberTests"/>
  <testcase name="feature" time="8.318" classname="cucumber.api.testng.AbstractTestNGCucumberTests"/>
  <testcase name="feature" time="24.21" classname="cucumber.api.testng.AbstractTestNGCucumberTests"/>
</testsuite> <!-- Test -->
