<?xml version="1.0" encoding="UTF-8"?>
<testng-results skipped="0" failed="0" ignored="0" total="5" passed="5">
  <reporter-output>
  </reporter-output>
  <suite name="Suite" duration-ms="47649" started-at="2019-08-06T21:45:13Z" finished-at="2019-08-06T21:46:01Z">
    <groups>
      <group name="cucumber">
        <method signature="AbstractTestNGCucumberTests.feature(cucumber.api.testng.CucumberFeatureWrapper)[pri:0, instance:runner.TestRunner@cb5822]" name="feature" class="cucumber.api.testng.AbstractTestNGCucumberTests"/>
      </group> <!-- cucumber -->
    </groups>
    <test name="Test" duration-ms="47649" started-at="2019-08-06T21:45:13Z" finished-at="2019-08-06T21:46:01Z">
      <class name="runner.TestRunner">
        <test-method status="PASS" signature="setUpClass()[pri:0, instance:runner.TestRunner@cb5822]" name="setUpClass" is-config="true" duration-ms="494" started-at="2019-08-06T21:45:13Z" finished-at="2019-08-06T21:45:13Z">
          <reporter-output>
          </reporter-output>
        </test-method> <!-- setUpClass -->
        <test-method status="PASS" signature="feature(cucumber.api.testng.CucumberFeatureWrapper)[pri:0, instance:runner.TestRunner@cb5822]" name="feature" duration-ms="6953" started-at="2019-08-06T21:45:14Z" description="Runs Cucumber Feature" data-provider="features" finished-at="2019-08-06T21:45:21Z">
          <params>
            <param index="0">
              <value>
                <![CDATA[Star Wars API Testing for searching a character or a planet]]>
              </value>
            </param>
          </params>
          <reporter-output>
          </reporter-output>
        </test-method> <!-- feature -->
        <test-method status="PASS" signature="feature(cucumber.api.testng.CucumberFeatureWrapper)[pri:0, instance:runner.TestRunner@cb5822]" name="feature" duration-ms="2980" started-at="2019-08-06T21:45:21Z" description="Runs Cucumber Feature" data-provider="features" finished-at="2019-08-06T21:45:24Z">
          <params>
            <param index="0">
              <value>
                <![CDATA[Star Wars API Testing for specified characters]]>
              </value>
            </param>
          </params>
          <reporter-output>
          </reporter-output>
        </test-method> <!-- feature -->
        <test-method status="PASS" signature="feature(cucumber.api.testng.CucumberFeatureWrapper)[pri:0, instance:runner.TestRunner@cb5822]" name="feature" duration-ms="4078" started-at="2019-08-06T21:45:24Z" description="Runs Cucumber Feature" data-provider="features" finished-at="2019-08-06T21:45:28Z">
          <params>
            <param index="0">
              <value>
                <![CDATA[Star Wars API Testing for list of characters]]>
              </value>
            </param>
          </params>
          <reporter-output>
          </reporter-output>
        </test-method> <!-- feature -->
        <test-method status="PASS" signature="feature(cucumber.api.testng.CucumberFeatureWrapper)[pri:0, instance:runner.TestRunner@cb5822]" name="feature" duration-ms="8318" started-at="2019-08-06T21:45:28Z" description="Runs Cucumber Feature" data-provider="features" finished-at="2019-08-06T21:45:36Z">
          <params>
            <param index="0">
              <value>
                <![CDATA[Star Wars API Testing for specified planet]]>
              </value>
            </param>
          </params>
          <reporter-output>
          </reporter-output>
        </test-method> <!-- feature -->
        <test-method status="PASS" signature="feature(cucumber.api.testng.CucumberFeatureWrapper)[pri:0, instance:runner.TestRunner@cb5822]" name="feature" duration-ms="24210" started-at="2019-08-06T21:45:36Z" description="Runs Cucumber Feature" data-provider="features" finished-at="2019-08-06T21:46:00Z">
          <params>
            <param index="0">
              <value>
                <![CDATA[Star Wars API Testing for list of planets]]>
              </value>
            </param>
          </params>
          <reporter-output>
          </reporter-output>
        </test-method> <!-- feature -->
        <test-method status="PASS" signature="writeExtentReport()[pri:0, instance:runner.TestRunner@cb5822]" name="writeExtentReport" is-config="true" duration-ms="39" started-at="2019-08-06T21:46:00Z" finished-at="2019-08-06T21:46:00Z">
          <reporter-output>
          </reporter-output>
        </test-method> <!-- writeExtentReport -->
        <test-method status="PASS" signature="tearDownClass()[pri:0, instance:runner.TestRunner@cb5822]" name="tearDownClass" is-config="true" duration-ms="396" started-at="2019-08-06T21:46:00Z" finished-at="2019-08-06T21:46:01Z">
          <reporter-output>
          </reporter-output>
        </test-method> <!-- tearDownClass -->
      </class> <!-- runner.TestRunner -->
    </test> <!-- Test -->
  </suite> <!-- Suite -->
</testng-results>
