<?xml version="1.0" encoding="UTF-8"?>
<testng-results skipped="0" failed="0" ignored="0" total="5" passed="5">
  <reporter-output>
  </reporter-output>
  <suite name="Suite" duration-ms="8418" started-at="2019-08-06T18:46:11Z" finished-at="2019-08-06T18:46:20Z">
    <groups>
      <group name="cucumber">
        <method signature="AbstractTestNGCucumberTests.feature(cucumber.api.testng.CucumberFeatureWrapper)[pri:0, instance:runner.TestRunner@210366b4]" name="feature" class="cucumber.api.testng.AbstractTestNGCucumberTests"/>
      </group> <!-- cucumber -->
    </groups>
    <test name="Test" duration-ms="8418" started-at="2019-08-06T18:46:11Z" finished-at="2019-08-06T18:46:20Z">
      <class name="runner.TestRunner">
        <test-method status="PASS" signature="setUpClass()[pri:0, instance:runner.TestRunner@210366b4]" name="setUpClass" is-config="true" duration-ms="297" started-at="2019-08-06T18:46:11Z" finished-at="2019-08-06T18:46:11Z">
          <reporter-output>
          </reporter-output>
        </test-method> <!-- setUpClass -->
        <test-method status="PASS" signature="feature(cucumber.api.testng.CucumberFeatureWrapper)[pri:0, instance:runner.TestRunner@210366b4]" name="feature" duration-ms="3497" started-at="2019-08-06T18:46:12Z" description="Runs Cucumber Feature" data-provider="features" finished-at="2019-08-06T18:46:15Z">
          <params>
            <param index="0">
              <value>
                <![CDATA[Star Wars API Testing for searching a character or a planet]]>
              </value>
            </param>
          </params>
          <reporter-output>
          </reporter-output>
        </test-method> <!-- feature -->
        <test-method status="PASS" signature="feature(cucumber.api.testng.CucumberFeatureWrapper)[pri:0, instance:runner.TestRunner@210366b4]" name="feature" duration-ms="565" started-at="2019-08-06T18:46:15Z" description="Runs Cucumber Feature" data-provider="features" finished-at="2019-08-06T18:46:16Z">
          <params>
            <param index="0">
              <value>
                <![CDATA[Star Wars API Testing for specified characters]]>
              </value>
            </param>
          </params>
          <reporter-output>
          </reporter-output>
        </test-method> <!-- feature -->
        <test-method status="PASS" signature="feature(cucumber.api.testng.CucumberFeatureWrapper)[pri:0, instance:runner.TestRunner@210366b4]" name="feature" duration-ms="1309" started-at="2019-08-06T18:46:16Z" description="Runs Cucumber Feature" data-provider="features" finished-at="2019-08-06T18:46:17Z">
          <params>
            <param index="0">
              <value>
                <![CDATA[Star Wars API Testing for list of characters]]>
              </value>
            </param>
          </params>
          <reporter-output>
          </reporter-output>
        </test-method> <!-- feature -->
        <test-method status="PASS" signature="feature(cucumber.api.testng.CucumberFeatureWrapper)[pri:0, instance:runner.TestRunner@210366b4]" name="feature" duration-ms="1053" started-at="2019-08-06T18:46:17Z" description="Runs Cucumber Feature" data-provider="features" finished-at="2019-08-06T18:46:18Z">
          <params>
            <param index="0">
              <value>
                <![CDATA[Star Wars API Testing for specified planet]]>
              </value>
            </param>
          </params>
          <reporter-output>
          </reporter-output>
        </test-method> <!-- feature -->
        <test-method status="PASS" signature="feature(cucumber.api.testng.CucumberFeatureWrapper)[pri:0, instance:runner.TestRunner@210366b4]" name="feature" duration-ms="1285" started-at="2019-08-06T18:46:18Z" description="Runs Cucumber Feature" data-provider="features" finished-at="2019-08-06T18:46:19Z">
          <params>
            <param index="0">
              <value>
                <![CDATA[Star Wars API Testing for list of planets]]>
              </value>
            </param>
          </params>
          <reporter-output>
          </reporter-output>
        </test-method> <!-- feature -->
        <test-method status="PASS" signature="writeExtentReport()[pri:0, instance:runner.TestRunner@210366b4]" name="writeExtentReport" is-config="true" duration-ms="12" started-at="2019-08-06T18:46:19Z" finished-at="2019-08-06T18:46:19Z">
          <reporter-output>
          </reporter-output>
        </test-method> <!-- writeExtentReport -->
        <test-method status="PASS" signature="tearDownClass()[pri:0, instance:runner.TestRunner@210366b4]" name="tearDownClass" is-config="true" duration-ms="312" started-at="2019-08-06T18:46:19Z" finished-at="2019-08-06T18:46:20Z">
          <reporter-output>
          </reporter-output>
        </test-method> <!-- tearDownClass -->
      </class> <!-- runner.TestRunner -->
    </test> <!-- Test -->
  </suite> <!-- Suite -->
</testng-results>
